<?xml version="1.0" encoding="UTF-8"?>
<!-- Generated by org.testng.reporters.JUnitXMLReporter -->
<testsuite ignored="2" hostname="DESKTOP-A0CUSVH" failures="0" tests="4" name="Command line test" time="20.398" errors="0" timestamp="2023-07-10T09:46:21 ICT">
  <testcase classname="TestAnnotation" name="testOneMethod" time="0.002"/>
  <testcase classname="TestAnnotation" name="testTwoMethod" time="0.0"/>
  <testcase classname="TestNGFake" name="RunTest" time="2.576"/>
  <testcase classname="TestNGFake" name="Update" time="12.935"/>
  <testcase classname="TestNGFake2" name="@BeforeTest Setup" time="0.0">
    <ignored/>
  </testcase> <!-- @BeforeTest Setup -->
  <testcase classname="TestNGFake2" name="@AfterTest ShutDown" time="0.0">
    <ignored/>
  </testcase> <!-- @AfterTest ShutDown -->
</testsuite> <!-- Command line test -->
