<?xml version="1.0" encoding="UTF-8"?>
<testng-results ignored="0" total="1" passed="1" failed="0" skipped="0">
  <reporter-output>
  </reporter-output>
  <suite started-at="2023-07-10T10:10:05 ICT" name="ThucHanh.MainProject" finished-at="2023-07-10T10:10:20 ICT" duration-ms="15756">
    <groups>
    </groups>
    <test started-at="2023-07-10T10:10:05 ICT" name="Command line test" finished-at="2023-07-10T10:10:20 ICT" duration-ms="15756">
      <class name="ThucHanh.MainProject">
        <test-method is-config="true" signature="SetUp()[pri:0, instance:ThucHanh.MainProject@4f638935]" started-at="2023-07-10T10:10:05 ICT" name="SetUp" finished-at="2023-07-10T10:10:07 ICT" duration-ms="2420" status="PASS">
          <reporter-output>
          </reporter-output>
        </test-method> <!-- SetUp -->
        <test-method signature="Login()[pri:0, instance:ThucHanh.MainProject@4f638935]" started-at="2023-07-10T10:10:07 ICT" name="Login" finished-at="2023-07-10T10:10:20 ICT" duration-ms="13064" status="PASS">
          <reporter-output>
          </reporter-output>
        </test-method> <!-- Login -->
        <test-method is-config="true" signature="ShutDown()[pri:0, instance:ThucHanh.MainProject@4f638935]" started-at="2023-07-10T10:10:20 ICT" name="ShutDown" finished-at="2023-07-10T10:10:20 ICT" duration-ms="196" status="PASS">
          <reporter-output>
          </reporter-output>
        </test-method> <!-- ShutDown -->
      </class> <!-- ThucHanh.MainProject -->
    </test> <!-- Command line test -->
  </suite> <!-- ThucHanh.MainProject -->
</testng-results>
